Watching for file changes with StatReloader
2026-03-27 20:59:14.978395: I tensorflow/core/platform/cpu_feature_guard.cc:210] This TensorFlow binary is optimized to use available CPU instructions in performance-critical operations.
To enable the following instructions: AVX2 FMA, in other operations, rebuild TensorFlow with the appropriate compiler flags.
[27/Mar/2026 21:02:41] "HEAD /profile/ HTTP/1.1" 302 0
[27/Mar/2026 21:03:18] "GET /admin/ HTTP/1.1" 302 0
[27/Mar/2026 21:03:31] "GET /admin/login/?next=/admin/ HTTP/1.1" 200 3695
[27/Mar/2026 21:03:39] "GET /static/admin/css/nav_sidebar.css HTTP/1.1" 200 2810
[27/Mar/2026 21:03:39] "GET /static/admin/css/dark_mode.css HTTP/1.1" 200 2808
[27/Mar/2026 21:03:39] "GET /static/admin/css/login.css HTTP/1.1" 200 951
[27/Mar/2026 21:03:39] "GET /static/admin/css/base.css HTTP/1.1" 200 22120
[27/Mar/2026 21:03:39] "GET /static/admin/css/responsive.css HTTP/1.1" 200 16565
[27/Mar/2026 21:03:40] "GET /static/admin/js/theme.js HTTP/1.1" 200 1653
[27/Mar/2026 21:03:42] "GET /static/admin/js/nav_sidebar.js HTTP/1.1" 200 3063
[27/Mar/2026 21:03:57] "GET /profile/ HTTP/1.1" 200 7508
[27/Mar/2026 21:04:01] "GET /static/js/profile.js HTTP/1.1" 304 0
[27/Mar/2026 21:04:01] "GET /static/css/profile.css HTTP/1.1" 304 0
[27/Mar/2026 21:04:03] "GET /get_profile_data/ HTTP/1.1" 200 580
[27/Mar/2026 21:05:37] "GET /get_profile_data/ HTTP/1.1" 200 580
/home/job/Desktop/projects/TradeAI/MLmodels/Forex/Data/twelvedata.py changed, reloading.
Performing system checks...

System check identified no issues (0 silenced).
March 27, 2026 - 21:01:59
Django version 5.2.8, using settings 'AgentTrader.settings'
Starting development server at http://127.0.0.1:8000/
Quit the server with CONTROL-C.

WARNING: This is a development server. Do not use it in a production setting. Use a production WSGI or ASGI server instead.
For more information on production servers see: https://docs.djangoproject.com/en/5.2/howto/deployment/
Watching for file changes with StatReloader
2026-03-27 21:37:55.822897: I tensorflow/core/platform/cpu_feature_guard.cc:210] This TensorFlow binary is optimized to use available CPU instructions in performance-critical operations.
To enable the following instructions: AVX2 FMA, in other operations, rebuild TensorFlow with the appropriate compiler flags.
